<?xml version="1.0" encoding="UTF-8"?>
<testsuite xmlns:xsi="http://www.w3.org/2001/XMLSchema-instance" xsi:noNamespaceSchemaLocation="https://maven.apache.org/surefire/maven-surefire-plugin/xsd/surefire-test-report-3.0.xsd" version="3.0" name="FelineTest" time="0.007" tests="4" errors="0" skipped="0" failures="0">
  <properties>
[...]
</properties>
  <testcase name="getKittensAlternativeShouldReturnCount" classname="FelineTest" time="0.002"/>
  <testcase name="getFamilyShouldReturnFeline" classname="FelineTest" time="0.001"/>
  <testcase name="getFoodShouldReturnListOfMeat" classname="FelineTest" time="0.001"/>
  <testcase name="getKittensShouldReturnCount" classname="FelineTest" time="0.001"/>
</testsuite>